<?xml version="1.0" encoding="UTF-8"?>
<testng-results skipped="0" failed="0" total="1" passed="1">
  <reporter-output>
  </reporter-output>
  <suite name="Default suite" duration-ms="36026" started-at="2019-12-03T11:55:09Z" finished-at="2019-12-03T11:55:45Z">
    <groups>
    </groups>
    <test name="Default test" duration-ms="36026" started-at="2019-12-03T11:55:09Z" finished-at="2019-12-03T11:55:45Z">
      <class name="login.trademart.AppTest">
        <test-method status="PASS" signature="url()[pri:0, instance:login.trademart.AppTest@7dc7cbad]" name="url" is-config="true" duration-ms="17279" started-at="2019-12-03T17:25:09Z" finished-at="2019-12-03T17:25:26Z">
          <reporter-output>
          </reporter-output>
        </test-method> <!-- url -->
        <test-method status="PASS" signature="applogin()[pri:0, instance:login.trademart.AppTest@7dc7cbad]" name="applogin" duration-ms="18686" started-at="2019-12-03T17:25:26Z" finished-at="2019-12-03T17:25:45Z">
          <reporter-output>
          </reporter-output>
        </test-method> <!-- applogin -->
        <test-method status="PASS" signature="close()[pri:0, instance:login.trademart.AppTest@7dc7cbad]" name="close" is-config="true" duration-ms="1" started-at="2019-12-03T17:25:45Z" finished-at="2019-12-03T17:25:45Z">
          <reporter-output>
          </reporter-output>
        </test-method> <!-- close -->
      </class> <!-- login.trademart.AppTest -->
    </test> <!-- Default test -->
  </suite> <!-- Default suite -->
</testng-results>
